<?xml version="1.0" encoding="UTF-8"?>
<!-- Generated by org.testng.reporters.JUnitXMLReporter -->
<testsuite hostname="DESKTOP-J71GJ2U" ignored="0" name="Basic Test" tests="4" failures="0" timestamp="11 Feb 2023 16:27:36 GMT" time="33.581" errors="0">
  <testcase name="loginWithInvalidEmailInvalidPassword" time="2.403" classname="test.LoginTests"/>
  <testcase name="loginWithInvalidEmailInvalidPassword" time="2.055" classname="test.LoginTests"/>
  <testcase name="selectMenuOptionTest" time="0.73" classname="test.LoginTests"/>
  <testcase name="submitContactForm" time="4.645" classname="test.ContactUsTests"/>
</testsuite> <!-- Basic Test -->
