<?xml version="1.0" encoding="UTF-8"?>
<!-- Generated by org.testng.reporters.JUnitXMLReporter -->
<testsuite hostname="DESKTOP-J71GJ2U" ignored="1" name="WebPage Test" tests="1" failures="0" timestamp="05 Feb 2023 17:02:37 GMT" time="3.211" errors="0">
  <testcase name="handleHoverOverDropdown" time="0.302" classname="test.SecondTests"/>
  <testcase name="handleBrowserAlertTest" time="0.0" classname="test.SecondTests">
    <ignored/>
  </testcase> <!-- handleBrowserAlertTest -->
</testsuite> <!-- WebPage Test -->
