<?xml version="1.0" encoding="UTF-8"?>
<testng-results skipped="0" failed="0" ignored="1" total="2" passed="1">
  <reporter-output>
  </reporter-output>
  <suite name="Suite" duration-ms="3211" started-at="2023-02-05T17:02:34Z" finished-at="2023-02-05T17:02:37Z">
    <groups>
    </groups>
    <test name="WebPage Test" duration-ms="3211" started-at="2023-02-05T17:02:34Z" finished-at="2023-02-05T17:02:37Z">
      <class name="test.SecondTests">
        <test-method status="PASS" signature="launchBrowser()[pri:0, instance:test.SecondTests@4386f16]" name="launchBrowser" is-config="true" duration-ms="2853" started-at="2023-02-05T17:02:34Z" finished-at="2023-02-05T17:02:37Z">
          <reporter-output>
          </reporter-output>
        </test-method> <!-- launchBrowser -->
        <test-method status="PASS" signature="handleHoverOverDropdown()[pri:0, instance:test.SecondTests@4386f16]" name="handleHoverOverDropdown" duration-ms="302" started-at="2023-02-05T17:02:37Z" finished-at="2023-02-05T17:02:37Z">
          <reporter-output>
          </reporter-output>
        </test-method> <!-- handleHoverOverDropdown -->
      </class> <!-- test.SecondTests -->
    </test> <!-- WebPage Test -->
  </suite> <!-- Suite -->
</testng-results>
